<?xml version="1.0" encoding="UTF-8"?>
<testsuites name="jest tests" tests="23" failures="14" errors="0" time="29.036">
  <testsuite name="游戏管理API测试" errors="0" failures="14" skipped="0" timestamp="2026-04-01T02:12:03" time="26.187" tests="14">
    <testcase classname="游戏管理API测试 GET /api/games 应该获取游戏列表" name="游戏管理API测试 GET /api/games 应该获取游戏列表" time="0.039">
      <failure>Error: thrown: &quot;Exceeded timeout of 5000 ms for a hook.
Add a timeout value to this test to increase the timeout, if this is a long-running test. See https://jestjs.io/docs/api#testname-fn-timeout.&quot;
    at beforeAll (D:\LWL\FengYue\DHJQ\test\backend\api\games.test.js:47:3)
    at _dispatchDescribe (D:\LWL\FengYue\DHJQ\test\node_modules\jest-circus\build\index.js:91:26)
    at describe (D:\LWL\FengYue\DHJQ\test\node_modules\jest-circus\build\index.js:55:5)
    at Object.describe (D:\LWL\FengYue\DHJQ\test\backend\api\games.test.js:41:1)
    at Runtime._execModule (D:\LWL\FengYue\DHJQ\test\node_modules\jest-runtime\build\index.js:1439:24)
    at Runtime._loadModule (D:\LWL\FengYue\DHJQ\test\node_modules\jest-runtime\build\index.js:1022:12)
    at Runtime.requireModule (D:\LWL\FengYue\DHJQ\test\node_modules\jest-runtime\build\index.js:882:12)
    at jestAdapter (D:\LWL\FengYue\DHJQ\test\node_modules\jest-circus\build\legacy-code-todo-rewrite\jestAdapter.js:77:13)
    at processTicksAndRejections (node:internal/process/task_queues:105:5)
    at runTestInternal (D:\LWL\FengYue\DHJQ\test\node_modules\jest-runner\build\runTest.js:367:16)
    at runTest (D:\LWL\FengYue\DHJQ\test\node_modules\jest-runner\build\runTest.js:444:34)
    at Object.worker (D:\LWL\FengYue\DHJQ\test\node_modules\jest-runner\build\testWorker.js:106:12)</failure>
    </testcase>
    <testcase classname="游戏管理API测试 GET /api/games 应该支持分页和筛选" name="游戏管理API测试 GET /api/games 应该支持分页和筛选" time="0">
      <failure>Error: thrown: &quot;Exceeded timeout of 5000 ms for a hook.
Add a timeout value to this test to increase the timeout, if this is a long-running test. See https://jestjs.io/docs/api#testname-fn-timeout.&quot;
    at beforeAll (D:\LWL\FengYue\DHJQ\test\backend\api\games.test.js:47:3)
    at _dispatchDescribe (D:\LWL\FengYue\DHJQ\test\node_modules\jest-circus\build\index.js:91:26)
    at describe (D:\LWL\FengYue\DHJQ\test\node_modules\jest-circus\build\index.js:55:5)
    at Object.describe (D:\LWL\FengYue\DHJQ\test\backend\api\games.test.js:41:1)
    at Runtime._execModule (D:\LWL\FengYue\DHJQ\test\node_modules\jest-runtime\build\index.js:1439:24)
    at Runtime._loadModule (D:\LWL\FengYue\DHJQ\test\node_modules\jest-runtime\build\index.js:1022:12)
    at Runtime.requireModule (D:\LWL\FengYue\DHJQ\test\node_modules\jest-runtime\build\index.js:882:12)
    at jestAdapter (D:\LWL\FengYue\DHJQ\test\node_modules\jest-circus\build\legacy-code-todo-rewrite\jestAdapter.js:77:13)
    at processTicksAndRejections (node:internal/process/task_queues:105:5)
    at runTestInternal (D:\LWL\FengYue\DHJQ\test\node_modules\jest-runner\build\runTest.js:367:16)
    at runTest (D:\LWL\FengYue\DHJQ\test\node_modules\jest-runner\build\runTest.js:444:34)
    at Object.worker (D:\LWL\FengYue\DHJQ\test\node_modules\jest-runner\build\testWorker.js:106:12)</failure>
    </testcase>
    <testcase classname="游戏管理API测试 GET /api/games/featured/list 应该获取推荐游戏列表" name="游戏管理API测试 GET /api/games/featured/list 应该获取推荐游戏列表" time="0">
      <failure>Error: thrown: &quot;Exceeded timeout of 5000 ms for a hook.
Add a timeout value to this test to increase the timeout, if this is a long-running test. See https://jestjs.io/docs/api#testname-fn-timeout.&quot;
    at beforeAll (D:\LWL\FengYue\DHJQ\test\backend\api\games.test.js:47:3)
    at _dispatchDescribe (D:\LWL\FengYue\DHJQ\test\node_modules\jest-circus\build\index.js:91:26)
    at describe (D:\LWL\FengYue\DHJQ\test\node_modules\jest-circus\build\index.js:55:5)
    at Object.describe (D:\LWL\FengYue\DHJQ\test\backend\api\games.test.js:41:1)
    at Runtime._execModule (D:\LWL\FengYue\DHJQ\test\node_modules\jest-runtime\build\index.js:1439:24)
    at Runtime._loadModule (D:\LWL\FengYue\DHJQ\test\node_modules\jest-runtime\build\index.js:1022:12)
    at Runtime.requireModule (D:\LWL\FengYue\DHJQ\test\node_modules\jest-runtime\build\index.js:882:12)
    at jestAdapter (D:\LWL\FengYue\DHJQ\test\node_modules\jest-circus\build\legacy-code-todo-rewrite\jestAdapter.js:77:13)
    at processTicksAndRejections (node:internal/process/task_queues:105:5)
    at runTestInternal (D:\LWL\FengYue\DHJQ\test\node_modules\jest-runner\build\runTest.js:367:16)
    at runTest (D:\LWL\FengYue\DHJQ\test\node_modules\jest-runner\build\runTest.js:444:34)
    at Object.worker (D:\LWL\FengYue\DHJQ\test\node_modules\jest-runner\build\testWorker.js:106:12)</failure>
    </testcase>
    <testcase classname="游戏管理API测试 POST /api/games 应该成功创建新游戏" name="游戏管理API测试 POST /api/games 应该成功创建新游戏" time="0">
      <failure>Error: thrown: &quot;Exceeded timeout of 5000 ms for a hook.
Add a timeout value to this test to increase the timeout, if this is a long-running test. See https://jestjs.io/docs/api#testname-fn-timeout.&quot;
    at beforeAll (D:\LWL\FengYue\DHJQ\test\backend\api\games.test.js:47:3)
    at _dispatchDescribe (D:\LWL\FengYue\DHJQ\test\node_modules\jest-circus\build\index.js:91:26)
    at describe (D:\LWL\FengYue\DHJQ\test\node_modules\jest-circus\build\index.js:55:5)
    at Object.describe (D:\LWL\FengYue\DHJQ\test\backend\api\games.test.js:41:1)
    at Runtime._execModule (D:\LWL\FengYue\DHJQ\test\node_modules\jest-runtime\build\index.js:1439:24)
    at Runtime._loadModule (D:\LWL\FengYue\DHJQ\test\node_modules\jest-runtime\build\index.js:1022:12)
    at Runtime.requireModule (D:\LWL\FengYue\DHJQ\test\node_modules\jest-runtime\build\index.js:882:12)
    at jestAdapter (D:\LWL\FengYue\DHJQ\test\node_modules\jest-circus\build\legacy-code-todo-rewrite\jestAdapter.js:77:13)
    at processTicksAndRejections (node:internal/process/task_queues:105:5)
    at runTestInternal (D:\LWL\FengYue\DHJQ\test\node_modules\jest-runner\build\runTest.js:367:16)
    at runTest (D:\LWL\FengYue\DHJQ\test\node_modules\jest-runner\build\runTest.js:444:34)
    at Object.worker (D:\LWL\FengYue\DHJQ\test\node_modules\jest-runner\build\testWorker.js:106:12)</failure>
    </testcase>
    <testcase classname="游戏管理API测试 POST /api/games 应该拒绝缺少必填字段的创建请求" name="游戏管理API测试 POST /api/games 应该拒绝缺少必填字段的创建请求" time="0.001">
      <failure>Error: thrown: &quot;Exceeded timeout of 5000 ms for a hook.
Add a timeout value to this test to increase the timeout, if this is a long-running test. See https://jestjs.io/docs/api#testname-fn-timeout.&quot;
    at beforeAll (D:\LWL\FengYue\DHJQ\test\backend\api\games.test.js:47:3)
    at _dispatchDescribe (D:\LWL\FengYue\DHJQ\test\node_modules\jest-circus\build\index.js:91:26)
    at describe (D:\LWL\FengYue\DHJQ\test\node_modules\jest-circus\build\index.js:55:5)
    at Object.describe (D:\LWL\FengYue\DHJQ\test\backend\api\games.test.js:41:1)
    at Runtime._execModule (D:\LWL\FengYue\DHJQ\test\node_modules\jest-runtime\build\index.js:1439:24)
    at Runtime._loadModule (D:\LWL\FengYue\DHJQ\test\node_modules\jest-runtime\build\index.js:1022:12)
    at Runtime.requireModule (D:\LWL\FengYue\DHJQ\test\node_modules\jest-runtime\build\index.js:882:12)
    at jestAdapter (D:\LWL\FengYue\DHJQ\test\node_modules\jest-circus\build\legacy-code-todo-rewrite\jestAdapter.js:77:13)
    at processTicksAndRejections (node:internal/process/task_queues:105:5)
    at runTestInternal (D:\LWL\FengYue\DHJQ\test\node_modules\jest-runner\build\runTest.js:367:16)
    at runTest (D:\LWL\FengYue\DHJQ\test\node_modules\jest-runner\build\runTest.js:444:34)
    at Object.worker (D:\LWL\FengYue\DHJQ\test\node_modules\jest-runner\build\testWorker.js:106:12)</failure>
    </testcase>
    <testcase classname="游戏管理API测试 POST /api/games 应该拒绝未认证的创建请求" name="游戏管理API测试 POST /api/games 应该拒绝未认证的创建请求" time="0">
      <failure>Error: thrown: &quot;Exceeded timeout of 5000 ms for a hook.
Add a timeout value to this test to increase the timeout, if this is a long-running test. See https://jestjs.io/docs/api#testname-fn-timeout.&quot;
    at beforeAll (D:\LWL\FengYue\DHJQ\test\backend\api\games.test.js:47:3)
    at _dispatchDescribe (D:\LWL\FengYue\DHJQ\test\node_modules\jest-circus\build\index.js:91:26)
    at describe (D:\LWL\FengYue\DHJQ\test\node_modules\jest-circus\build\index.js:55:5)
    at Object.describe (D:\LWL\FengYue\DHJQ\test\backend\api\games.test.js:41:1)
    at Runtime._execModule (D:\LWL\FengYue\DHJQ\test\node_modules\jest-runtime\build\index.js:1439:24)
    at Runtime._loadModule (D:\LWL\FengYue\DHJQ\test\node_modules\jest-runtime\build\index.js:1022:12)
    at Runtime.requireModule (D:\LWL\FengYue\DHJQ\test\node_modules\jest-runtime\build\index.js:882:12)
    at jestAdapter (D:\LWL\FengYue\DHJQ\test\node_modules\jest-circus\build\legacy-code-todo-rewrite\jestAdapter.js:77:13)
    at processTicksAndRejections (node:internal/process/task_queues:105:5)
    at runTestInternal (D:\LWL\FengYue\DHJQ\test\node_modules\jest-runner\build\runTest.js:367:16)
    at runTest (D:\LWL\FengYue\DHJQ\test\node_modules\jest-runner\build\runTest.js:444:34)
    at Object.worker (D:\LWL\FengYue\DHJQ\test\node_modules\jest-runner\build\testWorker.js:106:12)</failure>
    </testcase>
    <testcase classname="游戏管理API测试 GET /api/games/my 应该获取当前用户的游戏列表" name="游戏管理API测试 GET /api/games/my 应该获取当前用户的游戏列表" time="0">
      <failure>Error: thrown: &quot;Exceeded timeout of 5000 ms for a hook.
Add a timeout value to this test to increase the timeout, if this is a long-running test. See https://jestjs.io/docs/api#testname-fn-timeout.&quot;
    at beforeAll (D:\LWL\FengYue\DHJQ\test\backend\api\games.test.js:47:3)
    at _dispatchDescribe (D:\LWL\FengYue\DHJQ\test\node_modules\jest-circus\build\index.js:91:26)
    at describe (D:\LWL\FengYue\DHJQ\test\node_modules\jest-circus\build\index.js:55:5)
    at Object.describe (D:\LWL\FengYue\DHJQ\test\backend\api\games.test.js:41:1)
    at Runtime._execModule (D:\LWL\FengYue\DHJQ\test\node_modules\jest-runtime\build\index.js:1439:24)
    at Runtime._loadModule (D:\LWL\FengYue\DHJQ\test\node_modules\jest-runtime\build\index.js:1022:12)
    at Runtime.requireModule (D:\LWL\FengYue\DHJQ\test\node_modules\jest-runtime\build\index.js:882:12)
    at jestAdapter (D:\LWL\FengYue\DHJQ\test\node_modules\jest-circus\build\legacy-code-todo-rewrite\jestAdapter.js:77:13)
    at processTicksAndRejections (node:internal/process/task_queues:105:5)
    at runTestInternal (D:\LWL\FengYue\DHJQ\test\node_modules\jest-runner\build\runTest.js:367:16)
    at runTest (D:\LWL\FengYue\DHJQ\test\node_modules\jest-runner\build\runTest.js:444:34)
    at Object.worker (D:\LWL\FengYue\DHJQ\test\node_modules\jest-runner\build\testWorker.js:106:12)</failure>
    </testcase>
    <testcase classname="游戏管理API测试 GET /api/games/my 应该拒绝未认证的请求" name="游戏管理API测试 GET /api/games/my 应该拒绝未认证的请求" time="0">
      <failure>Error: thrown: &quot;Exceeded timeout of 5000 ms for a hook.
Add a timeout value to this test to increase the timeout, if this is a long-running test. See https://jestjs.io/docs/api#testname-fn-timeout.&quot;
    at beforeAll (D:\LWL\FengYue\DHJQ\test\backend\api\games.test.js:47:3)
    at _dispatchDescribe (D:\LWL\FengYue\DHJQ\test\node_modules\jest-circus\build\index.js:91:26)
    at describe (D:\LWL\FengYue\DHJQ\test\node_modules\jest-circus\build\index.js:55:5)
    at Object.describe (D:\LWL\FengYue\DHJQ\test\backend\api\games.test.js:41:1)
    at Runtime._execModule (D:\LWL\FengYue\DHJQ\test\node_modules\jest-runtime\build\index.js:1439:24)
    at Runtime._loadModule (D:\LWL\FengYue\DHJQ\test\node_modules\jest-runtime\build\index.js:1022:12)
    at Runtime.requireModule (D:\LWL\FengYue\DHJQ\test\node_modules\jest-runtime\build\index.js:882:12)
    at jestAdapter (D:\LWL\FengYue\DHJQ\test\node_modules\jest-circus\build\legacy-code-todo-rewrite\jestAdapter.js:77:13)
    at processTicksAndRejections (node:internal/process/task_queues:105:5)
    at runTestInternal (D:\LWL\FengYue\DHJQ\test\node_modules\jest-runner\build\runTest.js:367:16)
    at runTest (D:\LWL\FengYue\DHJQ\test\node_modules\jest-runner\build\runTest.js:444:34)
    at Object.worker (D:\LWL\FengYue\DHJQ\test\node_modules\jest-runner\build\testWorker.js:106:12)</failure>
    </testcase>
    <testcase classname="游戏管理API测试 PUT /api/games/:id 应该成功更新游戏信息" name="游戏管理API测试 PUT /api/games/:id 应该成功更新游戏信息" time="0">
      <failure>Error: thrown: &quot;Exceeded timeout of 5000 ms for a hook.
Add a timeout value to this test to increase the timeout, if this is a long-running test. See https://jestjs.io/docs/api#testname-fn-timeout.&quot;
    at beforeAll (D:\LWL\FengYue\DHJQ\test\backend\api\games.test.js:47:3)
    at _dispatchDescribe (D:\LWL\FengYue\DHJQ\test\node_modules\jest-circus\build\index.js:91:26)
    at describe (D:\LWL\FengYue\DHJQ\test\node_modules\jest-circus\build\index.js:55:5)
    at Object.describe (D:\LWL\FengYue\DHJQ\test\backend\api\games.test.js:41:1)
    at Runtime._execModule (D:\LWL\FengYue\DHJQ\test\node_modules\jest-runtime\build\index.js:1439:24)
    at Runtime._loadModule (D:\LWL\FengYue\DHJQ\test\node_modules\jest-runtime\build\index.js:1022:12)
    at Runtime.requireModule (D:\LWL\FengYue\DHJQ\test\node_modules\jest-runtime\build\index.js:882:12)
    at jestAdapter (D:\LWL\FengYue\DHJQ\test\node_modules\jest-circus\build\legacy-code-todo-rewrite\jestAdapter.js:77:13)
    at processTicksAndRejections (node:internal/process/task_queues:105:5)
    at runTestInternal (D:\LWL\FengYue\DHJQ\test\node_modules\jest-runner\build\runTest.js:367:16)
    at runTest (D:\LWL\FengYue\DHJQ\test\node_modules\jest-runner\build\runTest.js:444:34)
    at Object.worker (D:\LWL\FengYue\DHJQ\test\node_modules\jest-runner\build\testWorker.js:106:12)</failure>
    </testcase>
    <testcase classname="游戏管理API测试 PUT /api/games/:id 应该拒绝未认证的更新请求" name="游戏管理API测试 PUT /api/games/:id 应该拒绝未认证的更新请求" time="0">
      <failure>Error: thrown: &quot;Exceeded timeout of 5000 ms for a hook.
Add a timeout value to this test to increase the timeout, if this is a long-running test. See https://jestjs.io/docs/api#testname-fn-timeout.&quot;
    at beforeAll (D:\LWL\FengYue\DHJQ\test\backend\api\games.test.js:47:3)
    at _dispatchDescribe (D:\LWL\FengYue\DHJQ\test\node_modules\jest-circus\build\index.js:91:26)
    at describe (D:\LWL\FengYue\DHJQ\test\node_modules\jest-circus\build\index.js:55:5)
    at Object.describe (D:\LWL\FengYue\DHJQ\test\backend\api\games.test.js:41:1)
    at Runtime._execModule (D:\LWL\FengYue\DHJQ\test\node_modules\jest-runtime\build\index.js:1439:24)
    at Runtime._loadModule (D:\LWL\FengYue\DHJQ\test\node_modules\jest-runtime\build\index.js:1022:12)
    at Runtime.requireModule (D:\LWL\FengYue\DHJQ\test\node_modules\jest-runtime\build\index.js:882:12)
    at jestAdapter (D:\LWL\FengYue\DHJQ\test\node_modules\jest-circus\build\legacy-code-todo-rewrite\jestAdapter.js:77:13)
    at processTicksAndRejections (node:internal/process/task_queues:105:5)
    at runTestInternal (D:\LWL\FengYue\DHJQ\test\node_modules\jest-runner\build\runTest.js:367:16)
    at runTest (D:\LWL\FengYue\DHJQ\test\node_modules\jest-runner\build\runTest.js:444:34)
    at Object.worker (D:\LWL\FengYue\DHJQ\test\node_modules\jest-runner\build\testWorker.js:106:12)</failure>
    </testcase>
    <testcase classname="游戏管理API测试 POST /api/games/:id/publish 应该成功发布游戏" name="游戏管理API测试 POST /api/games/:id/publish 应该成功发布游戏" time="0">
      <failure>Error: thrown: &quot;Exceeded timeout of 5000 ms for a hook.
Add a timeout value to this test to increase the timeout, if this is a long-running test. See https://jestjs.io/docs/api#testname-fn-timeout.&quot;
    at beforeAll (D:\LWL\FengYue\DHJQ\test\backend\api\games.test.js:47:3)
    at _dispatchDescribe (D:\LWL\FengYue\DHJQ\test\node_modules\jest-circus\build\index.js:91:26)
    at describe (D:\LWL\FengYue\DHJQ\test\node_modules\jest-circus\build\index.js:55:5)
    at Object.describe (D:\LWL\FengYue\DHJQ\test\backend\api\games.test.js:41:1)
    at Runtime._execModule (D:\LWL\FengYue\DHJQ\test\node_modules\jest-runtime\build\index.js:1439:24)
    at Runtime._loadModule (D:\LWL\FengYue\DHJQ\test\node_modules\jest-runtime\build\index.js:1022:12)
    at Runtime.requireModule (D:\LWL\FengYue\DHJQ\test\node_modules\jest-runtime\build\index.js:882:12)
    at jestAdapter (D:\LWL\FengYue\DHJQ\test\node_modules\jest-circus\build\legacy-code-todo-rewrite\jestAdapter.js:77:13)
    at processTicksAndRejections (node:internal/process/task_queues:105:5)
    at runTestInternal (D:\LWL\FengYue\DHJQ\test\node_modules\jest-runner\build\runTest.js:367:16)
    at runTest (D:\LWL\FengYue\DHJQ\test\node_modules\jest-runner\build\runTest.js:444:34)
    at Object.worker (D:\LWL\FengYue\DHJQ\test\node_modules\jest-runner\build\testWorker.js:106:12)</failure>
    </testcase>
    <testcase classname="游戏管理API测试 POST /api/games/:id/publish 应该拒绝未认证的发布请求" name="游戏管理API测试 POST /api/games/:id/publish 应该拒绝未认证的发布请求" time="0">
      <failure>Error: thrown: &quot;Exceeded timeout of 5000 ms for a hook.
Add a timeout value to this test to increase the timeout, if this is a long-running test. See https://jestjs.io/docs/api#testname-fn-timeout.&quot;
    at beforeAll (D:\LWL\FengYue\DHJQ\test\backend\api\games.test.js:47:3)
    at _dispatchDescribe (D:\LWL\FengYue\DHJQ\test\node_modules\jest-circus\build\index.js:91:26)
    at describe (D:\LWL\FengYue\DHJQ\test\node_modules\jest-circus\build\index.js:55:5)
    at Object.describe (D:\LWL\FengYue\DHJQ\test\backend\api\games.test.js:41:1)
    at Runtime._execModule (D:\LWL\FengYue\DHJQ\test\node_modules\jest-runtime\build\index.js:1439:24)
    at Runtime._loadModule (D:\LWL\FengYue\DHJQ\test\node_modules\jest-runtime\build\index.js:1022:12)
    at Runtime.requireModule (D:\LWL\FengYue\DHJQ\test\node_modules\jest-runtime\build\index.js:882:12)
    at jestAdapter (D:\LWL\FengYue\DHJQ\test\node_modules\jest-circus\build\legacy-code-todo-rewrite\jestAdapter.js:77:13)
    at processTicksAndRejections (node:internal/process/task_queues:105:5)
    at runTestInternal (D:\LWL\FengYue\DHJQ\test\node_modules\jest-runner\build\runTest.js:367:16)
    at runTest (D:\LWL\FengYue\DHJQ\test\node_modules\jest-runner\build\runTest.js:444:34)
    at Object.worker (D:\LWL\FengYue\DHJQ\test\node_modules\jest-runner\build\testWorker.js:106:12)</failure>
    </testcase>
    <testcase classname="游戏管理API测试 GET /api/games/:slug 应该获取游戏详情" name="游戏管理API测试 GET /api/games/:slug 应该获取游戏详情" time="0">
      <failure>Error: thrown: &quot;Exceeded timeout of 5000 ms for a hook.
Add a timeout value to this test to increase the timeout, if this is a long-running test. See https://jestjs.io/docs/api#testname-fn-timeout.&quot;
    at beforeAll (D:\LWL\FengYue\DHJQ\test\backend\api\games.test.js:47:3)
    at _dispatchDescribe (D:\LWL\FengYue\DHJQ\test\node_modules\jest-circus\build\index.js:91:26)
    at describe (D:\LWL\FengYue\DHJQ\test\node_modules\jest-circus\build\index.js:55:5)
    at Object.describe (D:\LWL\FengYue\DHJQ\test\backend\api\games.test.js:41:1)
    at Runtime._execModule (D:\LWL\FengYue\DHJQ\test\node_modules\jest-runtime\build\index.js:1439:24)
    at Runtime._loadModule (D:\LWL\FengYue\DHJQ\test\node_modules\jest-runtime\build\index.js:1022:12)
    at Runtime.requireModule (D:\LWL\FengYue\DHJQ\test\node_modules\jest-runtime\build\index.js:882:12)
    at jestAdapter (D:\LWL\FengYue\DHJQ\test\node_modules\jest-circus\build\legacy-code-todo-rewrite\jestAdapter.js:77:13)
    at processTicksAndRejections (node:internal/process/task_queues:105:5)
    at runTestInternal (D:\LWL\FengYue\DHJQ\test\node_modules\jest-runner\build\runTest.js:367:16)
    at runTest (D:\LWL\FengYue\DHJQ\test\node_modules\jest-runner\build\runTest.js:444:34)
    at Object.worker (D:\LWL\FengYue\DHJQ\test\node_modules\jest-runner\build\testWorker.js:106:12)</failure>
    </testcase>
    <testcase classname="游戏管理API测试 GET /api/games/:slug 应该返回404对于不存在的游戏" name="游戏管理API测试 GET /api/games/:slug 应该返回404对于不存在的游戏" time="0">
      <failure>Error: thrown: &quot;Exceeded timeout of 5000 ms for a hook.
Add a timeout value to this test to increase the timeout, if this is a long-running test. See https://jestjs.io/docs/api#testname-fn-timeout.&quot;
    at beforeAll (D:\LWL\FengYue\DHJQ\test\backend\api\games.test.js:47:3)
    at _dispatchDescribe (D:\LWL\FengYue\DHJQ\test\node_modules\jest-circus\build\index.js:91:26)
    at describe (D:\LWL\FengYue\DHJQ\test\node_modules\jest-circus\build\index.js:55:5)
    at Object.describe (D:\LWL\FengYue\DHJQ\test\backend\api\games.test.js:41:1)
    at Runtime._execModule (D:\LWL\FengYue\DHJQ\test\node_modules\jest-runtime\build\index.js:1439:24)
    at Runtime._loadModule (D:\LWL\FengYue\DHJQ\test\node_modules\jest-runtime\build\index.js:1022:12)
    at Runtime.requireModule (D:\LWL\FengYue\DHJQ\test\node_modules\jest-runtime\build\index.js:882:12)
    at jestAdapter (D:\LWL\FengYue\DHJQ\test\node_modules\jest-circus\build\legacy-code-todo-rewrite\jestAdapter.js:77:13)
    at processTicksAndRejections (node:internal/process/task_queues:105:5)
    at runTestInternal (D:\LWL\FengYue\DHJQ\test\node_modules\jest-runner\build\runTest.js:367:16)
    at runTest (D:\LWL\FengYue\DHJQ\test\node_modules\jest-runner\build\runTest.js:444:34)
    at Object.worker (D:\LWL\FengYue\DHJQ\test\node_modules\jest-runner\build\testWorker.js:106:12)</failure>
    </testcase>
  </testsuite>
  <testsuite name="认证API测试" errors="0" failures="0" skipped="0" timestamp="2026-04-01T02:12:03" time="26.356" tests="9">
    <testcase classname="认证API测试 POST /api/auth/register 应该成功注册新用户" name="认证API测试 POST /api/auth/register 应该成功注册新用户" time="0.295">
    </testcase>
    <testcase classname="认证API测试 POST /api/auth/register 应该拒绝注册已存在的用户名" name="认证API测试 POST /api/auth/register 应该拒绝注册已存在的用户名" time="0.012">
    </testcase>
    <testcase classname="认证API测试 POST /api/auth/register 应该拒绝缺少必填字段的注册请求" name="认证API测试 POST /api/auth/register 应该拒绝缺少必填字段的注册请求" time="0.015">
    </testcase>
    <testcase classname="认证API测试 POST /api/auth/login 应该成功登录已注册用户" name="认证API测试 POST /api/auth/login 应该成功登录已注册用户" time="0.192">
    </testcase>
    <testcase classname="认证API测试 POST /api/auth/login 应该拒绝无效的登录凭据" name="认证API测试 POST /api/auth/login 应该拒绝无效的登录凭据" time="0.11">
    </testcase>
    <testcase classname="认证API测试 POST /api/auth/login 应该拒绝缺少必填字段的登录请求" name="认证API测试 POST /api/auth/login 应该拒绝缺少必填字段的登录请求" time="0.007">
    </testcase>
    <testcase classname="认证API测试 GET /api/auth/me 应该使用有效令牌获取用户信息" name="认证API测试 GET /api/auth/me 应该使用有效令牌获取用户信息" time="0.014">
    </testcase>
    <testcase classname="认证API测试 GET /api/auth/me 应该拒绝缺少令牌的请求" name="认证API测试 GET /api/auth/me 应该拒绝缺少令牌的请求" time="0.009">
    </testcase>
    <testcase classname="认证API测试 GET /api/auth/me 应该拒绝无效令牌的请求" name="认证API测试 GET /api/auth/me 应该拒绝无效令牌的请求" time="0.009">
    </testcase>
  </testsuite>
</testsuites>