<?xml version="1.0" encoding="UTF-8"?>
<testsuites name="jest tests" tests="23" failures="18" errors="0" time="10.545">
  <testsuite name="游戏管理API测试" errors="0" failures="14" skipped="0" timestamp="2026-03-31T09:27:49" time="8.965" tests="14">
    <testcase classname="游戏管理API测试 GET /api/games 应该获取游戏列表" name="游戏管理API测试 GET /api/games 应该获取游戏列表" time="0.021">
      <failure>TypeError: Cannot read properties of undefined (reading &apos;token&apos;)
    at Object.token (D:\LWL\FengYue\DHJQ\test\backend\api\games.test.js:19:40)
    at processTicksAndRejections (node:internal/process/task_queues:105:5)</failure>
    </testcase>
    <testcase classname="游戏管理API测试 GET /api/games 应该支持分页和筛选" name="游戏管理API测试 GET /api/games 应该支持分页和筛选" time="0">
      <failure>TypeError: Cannot read properties of undefined (reading &apos;token&apos;)
    at Object.token (D:\LWL\FengYue\DHJQ\test\backend\api\games.test.js:19:40)
    at processTicksAndRejections (node:internal/process/task_queues:105:5)</failure>
    </testcase>
    <testcase classname="游戏管理API测试 GET /api/games/featured/list 应该获取推荐游戏列表" name="游戏管理API测试 GET /api/games/featured/list 应该获取推荐游戏列表" time="0">
      <failure>TypeError: Cannot read properties of undefined (reading &apos;token&apos;)
    at Object.token (D:\LWL\FengYue\DHJQ\test\backend\api\games.test.js:19:40)
    at processTicksAndRejections (node:internal/process/task_queues:105:5)</failure>
    </testcase>
    <testcase classname="游戏管理API测试 POST /api/games 应该成功创建新游戏" name="游戏管理API测试 POST /api/games 应该成功创建新游戏" time="0">
      <failure>TypeError: Cannot read properties of undefined (reading &apos;token&apos;)
    at Object.token (D:\LWL\FengYue\DHJQ\test\backend\api\games.test.js:19:40)
    at processTicksAndRejections (node:internal/process/task_queues:105:5)</failure>
    </testcase>
    <testcase classname="游戏管理API测试 POST /api/games 应该拒绝缺少必填字段的创建请求" name="游戏管理API测试 POST /api/games 应该拒绝缺少必填字段的创建请求" time="0">
      <failure>TypeError: Cannot read properties of undefined (reading &apos;token&apos;)
    at Object.token (D:\LWL\FengYue\DHJQ\test\backend\api\games.test.js:19:40)
    at processTicksAndRejections (node:internal/process/task_queues:105:5)</failure>
    </testcase>
    <testcase classname="游戏管理API测试 POST /api/games 应该拒绝未认证的创建请求" name="游戏管理API测试 POST /api/games 应该拒绝未认证的创建请求" time="0">
      <failure>TypeError: Cannot read properties of undefined (reading &apos;token&apos;)
    at Object.token (D:\LWL\FengYue\DHJQ\test\backend\api\games.test.js:19:40)
    at processTicksAndRejections (node:internal/process/task_queues:105:5)</failure>
    </testcase>
    <testcase classname="游戏管理API测试 GET /api/games/my 应该获取当前用户的游戏列表" name="游戏管理API测试 GET /api/games/my 应该获取当前用户的游戏列表" time="0">
      <failure>TypeError: Cannot read properties of undefined (reading &apos;token&apos;)
    at Object.token (D:\LWL\FengYue\DHJQ\test\backend\api\games.test.js:19:40)
    at processTicksAndRejections (node:internal/process/task_queues:105:5)</failure>
    </testcase>
    <testcase classname="游戏管理API测试 GET /api/games/my 应该拒绝未认证的请求" name="游戏管理API测试 GET /api/games/my 应该拒绝未认证的请求" time="0">
      <failure>TypeError: Cannot read properties of undefined (reading &apos;token&apos;)
    at Object.token (D:\LWL\FengYue\DHJQ\test\backend\api\games.test.js:19:40)
    at processTicksAndRejections (node:internal/process/task_queues:105:5)</failure>
    </testcase>
    <testcase classname="游戏管理API测试 PUT /api/games/:id 应该成功更新游戏信息" name="游戏管理API测试 PUT /api/games/:id 应该成功更新游戏信息" time="0">
      <failure>TypeError: Cannot read properties of undefined (reading &apos;token&apos;)
    at Object.token (D:\LWL\FengYue\DHJQ\test\backend\api\games.test.js:19:40)
    at processTicksAndRejections (node:internal/process/task_queues:105:5)</failure>
    </testcase>
    <testcase classname="游戏管理API测试 PUT /api/games/:id 应该拒绝未认证的更新请求" name="游戏管理API测试 PUT /api/games/:id 应该拒绝未认证的更新请求" time="0">
      <failure>TypeError: Cannot read properties of undefined (reading &apos;token&apos;)
    at Object.token (D:\LWL\FengYue\DHJQ\test\backend\api\games.test.js:19:40)
    at processTicksAndRejections (node:internal/process/task_queues:105:5)</failure>
    </testcase>
    <testcase classname="游戏管理API测试 POST /api/games/:id/publish 应该成功发布游戏" name="游戏管理API测试 POST /api/games/:id/publish 应该成功发布游戏" time="0">
      <failure>TypeError: Cannot read properties of undefined (reading &apos;token&apos;)
    at Object.token (D:\LWL\FengYue\DHJQ\test\backend\api\games.test.js:19:40)
    at processTicksAndRejections (node:internal/process/task_queues:105:5)</failure>
    </testcase>
    <testcase classname="游戏管理API测试 POST /api/games/:id/publish 应该拒绝未认证的发布请求" name="游戏管理API测试 POST /api/games/:id/publish 应该拒绝未认证的发布请求" time="0.001">
      <failure>TypeError: Cannot read properties of undefined (reading &apos;token&apos;)
    at Object.token (D:\LWL\FengYue\DHJQ\test\backend\api\games.test.js:19:40)
    at processTicksAndRejections (node:internal/process/task_queues:105:5)</failure>
    </testcase>
    <testcase classname="游戏管理API测试 GET /api/games/:slug 应该获取游戏详情" name="游戏管理API测试 GET /api/games/:slug 应该获取游戏详情" time="0">
      <failure>TypeError: Cannot read properties of undefined (reading &apos;token&apos;)
    at Object.token (D:\LWL\FengYue\DHJQ\test\backend\api\games.test.js:19:40)
    at processTicksAndRejections (node:internal/process/task_queues:105:5)</failure>
    </testcase>
    <testcase classname="游戏管理API测试 GET /api/games/:slug 应该返回404对于不存在的游戏" name="游戏管理API测试 GET /api/games/:slug 应该返回404对于不存在的游戏" time="0">
      <failure>TypeError: Cannot read properties of undefined (reading &apos;token&apos;)
    at Object.token (D:\LWL\FengYue\DHJQ\test\backend\api\games.test.js:19:40)
    at processTicksAndRejections (node:internal/process/task_queues:105:5)</failure>
    </testcase>
    <testcase classname=" Test execution failure: could be caused by test hooks like &apos;afterAll&apos;." name=" Test execution failure: could be caused by test hooks like &apos;afterAll&apos;." time="0">
      <failure>{&quot;message&quot;:&quot;&quot;,&quot;stack&quot;:&quot;Error: listen EADDRINUSE: address already in use :::3001\n    at Server.setupListenHandle [as _listen2] (node:net:1940:16)\n    at listenInCluster (node:net:1997:12)\n    at Server.listen (node:net:2102:7)\n    at Function.listen (D:\\LWL\\FengYue\\DHJQ\\backend\\node_modules\\express\\lib\\application.js:635:24)\n    at Object.listen (D:\\LWL\\FengYue\\DHJQ\\backend\\server.js:209:5)\n    at Runtime._execModule (D:\\LWL\\FengYue\\DHJQ\\test\\node_modules\\jest-runtime\\build\\index.js:1439:24)\n    at Runtime._loadModule (D:\\LWL\\FengYue\\DHJQ\\test\\node_modules\\jest-runtime\\build\\index.js:1022:12)\n    at Runtime.requireModule (D:\\LWL\\FengYue\\DHJQ\\test\\node_modules\\jest-runtime\\build\\index.js:882:12)\n    at Runtime.requireModuleOrMock (D:\\LWL\\FengYue\\DHJQ\\test\\node_modules\\jest-runtime\\build\\index.js:1048:21)\n    at Object.require (D:\\LWL\\FengYue\\DHJQ\\test\\backend\\api\\games.test.js:2:13)\n    at Runtime._execModule (D:\\LWL\\FengYue\\DHJQ\\test\\node_modules\\jest-runtime\\build\\index.js:1439:24)\n    at Runtime._loadModule (D:\\LWL\\FengYue\\DHJQ\\test\\node_modules\\jest-runtime\\build\\index.js:1022:12)\n    at Runtime.requireModule (D:\\LWL\\FengYue\\DHJQ\\test\\node_modules\\jest-runtime\\build\\index.js:882:12)\n    at jestAdapter (D:\\LWL\\FengYue\\DHJQ\\test\\node_modules\\jest-circus\\build\\legacy-code-todo-rewrite\\jestAdapter.js:77:13)\n    at processTicksAndRejections (node:internal/process/task_queues:105:5)\n    at runTestInternal (D:\\LWL\\FengYue\\DHJQ\\test\\node_modules\\jest-runner\\build\\runTest.js:367:16)\n    at runTest (D:\\LWL\\FengYue\\DHJQ\\test\\node_modules\\jest-runner\\build\\runTest.js:444:34)\n    at Object.worker (D:\\LWL\\FengYue\\DHJQ\\test\\node_modules\\jest-runner\\build\\testWorker.js:106:12)&quot;}</failure>
    </testcase>
  </testsuite>
  <testsuite name="认证API测试" errors="0" failures="4" skipped="0" timestamp="2026-03-31T09:27:49" time="9.105" tests="9">
    <testcase classname="认证API测试 POST /api/auth/register 应该成功注册新用户" name="认证API测试 POST /api/auth/register 应该成功注册新用户" time="0.131">
      <failure>Error: expect(received).toBe(expected) // Object.is equality

Expected: 200
Received: 400
    at Object.toBe (D:\LWL\FengYue\DHJQ\test\backend\api\auth.test.js:22:35)
    at processTicksAndRejections (node:internal/process/task_queues:105:5)</failure>
    </testcase>
    <testcase classname="认证API测试 POST /api/auth/register 应该拒绝注册已存在的用户名" name="认证API测试 POST /api/auth/register 应该拒绝注册已存在的用户名" time="0.021">
      <failure>Error: expect(received).toBe(expected) // Object.is equality

Expected: 409
Received: 400
    at Object.toBe (D:\LWL\FengYue\DHJQ\test\backend\api\auth.test.js:37:35)
    at processTicksAndRejections (node:internal/process/task_queues:105:5)</failure>
    </testcase>
    <testcase classname="认证API测试 POST /api/auth/register 应该拒绝缺少必填字段的注册请求" name="认证API测试 POST /api/auth/register 应该拒绝缺少必填字段的注册请求" time="0.07">
    </testcase>
    <testcase classname="认证API测试 POST /api/auth/login 应该成功登录已注册用户" name="认证API测试 POST /api/auth/login 应该成功登录已注册用户" time="0.017">
      <failure>Error: expect(received).toBe(expected) // Object.is equality

Expected: 200
Received: 401
    at Object.toBe (D:\LWL\FengYue\DHJQ\test\backend\api\auth.test.js:61:35)
    at processTicksAndRejections (node:internal/process/task_queues:105:5)</failure>
    </testcase>
    <testcase classname="认证API测试 POST /api/auth/login 应该拒绝无效的登录凭据" name="认证API测试 POST /api/auth/login 应该拒绝无效的登录凭据" time="0.017">
    </testcase>
    <testcase classname="认证API测试 POST /api/auth/login 应该拒绝缺少必填字段的登录请求" name="认证API测试 POST /api/auth/login 应该拒绝缺少必填字段的登录请求" time="0.014">
    </testcase>
    <testcase classname="认证API测试 GET /api/auth/me 应该使用有效令牌获取用户信息" name="认证API测试 GET /api/auth/me 应该使用有效令牌获取用户信息" time="0.018">
      <failure>Error: expect(received).toBe(expected) // Object.is equality

Expected: 200
Received: 401
    at Object.toBe (D:\LWL\FengYue\DHJQ\test\backend\api\auth.test.js:97:35)
    at processTicksAndRejections (node:internal/process/task_queues:105:5)</failure>
    </testcase>
    <testcase classname="认证API测试 GET /api/auth/me 应该拒绝缺少令牌的请求" name="认证API测试 GET /api/auth/me 应该拒绝缺少令牌的请求" time="0.014">
    </testcase>
    <testcase classname="认证API测试 GET /api/auth/me 应该拒绝无效令牌的请求" name="认证API测试 GET /api/auth/me 应该拒绝无效令牌的请求" time="0.018">
    </testcase>
  </testsuite>
</testsuites>